warning: unused import: `Query`
 --> src/routes.rs:2:21
  |
2 |     extract::{Path, Query, State},
  |                     ^^^^^
  |
  = note: `#[warn(unused_imports)]` (part of `#[warn(unused)]`) on by default

warning: unused import: `limit::RequestBodyLimitLayer`
  --> src/main.rs:18:5
   |
18 |     limit::RequestBodyLimitLayer,
   |     ^^^^^^^^^^^^^^^^^^^^^^^^^^^^

warning: variants `Unauthorized`, `PayloadTooLarge`, and `Internal` are never constructed
  --> src/error.rs:10:5
   |
 5 | pub enum AppError {
   |          -------- variants in this enum
...
10 |     Unauthorized,
   |     ^^^^^^^^^^^^
...
16 |     PayloadTooLarge,
   |     ^^^^^^^^^^^^^^^
...
25 |     Internal(String),
   |     ^^^^^^^^
   |
   = note: `AppError` has a derived impl for the trait `Debug`, but this is intentionally ignored during dead code analysis
   = note: `#[warn(dead_code)]` (part of `#[warn(unused)]`) on by default

warning: type alias `Storage` is never used
  --> src/routes.rs:18:6
   |
18 | type Storage = FileSystemStorage;
   |      ^^^^^^^

warning: `excalidraw-share` (bin "excalidraw-share") generated 4 warnings (run `cargo fix --bin "excalidraw-share" -p excalidraw-share` to apply 2 suggestions)
    Finished `dev` profile [unoptimized + debuginfo] target(s) in 0.08s
     Running `target/debug/excalidraw-share --api-key test`
[2m2026-02-21T17:13:32.430063Z[0m [32m INFO[0m [2mexcalidraw_share[0m[2m:[0m Starting excalidraw-share server [3mlisten[0m[2m=[0m127.0.0.1:8184 [3mdata_dir[0m[2m=[0m./data/drawings [3mbase_url[0m[2m=[0mhttp://localhost:8184 [3mmax_upload_mb[0m[2m=[0m50
[2m2026-02-21T17:13:32.430990Z[0m [32m INFO[0m [2mexcalidraw_share[0m[2m:[0m Listening on 127.0.0.1:8184
